2016-12-20T08:33:56.709Z - normal: Load ~/.CocosCreator/settings.json
2016-12-20T08:33:56.718Z - normal: checking language setting...
2016-12-20T08:33:56.718Z - normal: Language: zh
2016-12-20T08:33:57.810Z - success: protocol editor-framework registered
2016-12-20T08:33:57.810Z - success: protocol app registered
2016-12-20T08:33:57.810Z - success: protocol packages registered
2016-12-20T08:33:57.810Z - success: protocol theme registered
2016-12-20T08:33:57.811Z - success: protocol unpack registerred
2016-12-20T08:33:57.967Z - normal: connected!
2016-12-20T08:33:57.972Z - normal: Check project D:\cocos_test\polished_project
2016-12-20T08:33:57.977Z - normal: Initializing Cocos Creator Editor
2016-12-20T08:33:59.382Z - normal: Initializing Cocos2d
2016-12-20T08:33:59.792Z - normal: Initializing Asset Database
2016-12-20T08:33:59.849Z - success: protocol uuid registerred
2016-12-20T08:33:59.850Z - success: protocol db registerred
2016-12-20T08:33:59.850Z - success: protocol thumbnail registerred
2016-12-20T08:33:59.850Z - normal: Loading editor/builtin packages
2016-12-20T08:34:00.167Z - success: assets loaded
2016-12-20T08:34:00.173Z - success: builder loaded
2016-12-20T08:34:00.179Z - success: hierarchy loaded
2016-12-20T08:34:00.186Z - success: inspector loaded
2016-12-20T08:34:00.190Z - success: keystore loaded
2016-12-20T08:34:00.193Z - success: node-library loaded
2016-12-20T08:34:00.197Z - success: preferences loaded
2016-12-20T08:34:00.218Z - success: project-importer loaded
2016-12-20T08:34:00.221Z - success: project-settings loaded
2016-12-20T08:34:00.224Z - success: ui-kit loaded
2016-12-20T08:34:00.256Z - success: ui-grid loaded
2016-12-20T08:34:00.281Z - success: scene loaded
2016-12-20T08:34:00.287Z - success: sprite-editor loaded
2016-12-20T08:34:00.294Z - success: timeline loaded
2016-12-20T08:34:00.295Z - normal: Loading builtin packages
2016-12-20T08:34:00.307Z - success: asset-db-debugger loaded
2016-12-20T08:34:00.310Z - success: cocos-package loaded
2016-12-20T08:34:00.313Z - success: code-editor loaded
2016-12-20T08:34:00.314Z - success: color-picker loaded
2016-12-20T08:34:00.319Z - success: console loaded
2016-12-20T08:34:00.322Z - success: package-manager loaded
2016-12-20T08:34:00.327Z - success: tester loaded
2016-12-20T08:34:00.330Z - success: ui-kit-preview-extra loaded
2016-12-20T08:34:00.333Z - success: ui-kit-preview loaded
2016-12-20T08:34:00.336Z - success: ui-tree loaded
2016-12-20T08:34:00.393Z - normal: Initializing project D:\cocos_test\polished_project
2016-12-20T08:34:00.401Z - normal: Loading packages
2016-12-20T08:34:00.412Z - normal: Run Application
2016-12-20T08:34:02.493Z - success: preview server running at http://localhost:7456
2016-12-20T08:34:15.073Z - normal: 1.2.2
2016-12-20T08:37:29.369Z - normal: Compiled successfully
2016-12-20T08:37:38.217Z - normal: 1.2.2
2016-12-20T08:37:39.305Z - normal: Built to "D:\cocos_test\build" successfully
